Build started 2/29/2016 2:39:03 AM.
     1>Project "C:\Users\hmduong\documents\visual studio 2013\Projects\PlateRecognizationFramework\PlateRecognizationFramework\PlateRecognizationFramework.vcxproj" on node 2 (Build target(s)).
     1>ClCompile:
         C:\Program Files (x86)\Microsoft Visual Studio 12.0\VC\bin\CL.exe /c /IC:\OpenCV\build\include /I"C:\Users\hmduong\Documents\Visual Studio 2013\Projects\PlateRecognizationFramework\CameraConvertor\include" /ZI /nologo /W3 /WX- /sdl /Od /Oy- /D WIN32 /D _DEBUG /D _CONSOLE /D _LIB /D _UNICODE /D UNICODE /Gm /EHsc /RTC1 /MDd /GS /fp:precise /Zc:wchar_t /Zc:forScope /Fo"Debug\\" /Fd"Debug\vc120.pdb" /Gd /TP /analyze- /errorReport:prompt Main.cpp
         Main.cpp
     1>c:\opencv\build\include\opencv2\core\mat.hpp(1965): warning C4819: The file contains a character that cannot be represented in the current code page (932). Save the file in Unicode format to prevent data loss
     1>c:\opencv\build\include\opencv2\core\persistence.hpp : warning C4819: The file contains a character that cannot be represented in the current code page (932). Save the file in Unicode format to prevent data loss
     1>c:\opencv\build\include\opencv2\core\utility.hpp : warning C4819: The file contains a character that cannot be represented in the current code page (932). Save the file in Unicode format to prevent data loss
       Link:
         C:\Program Files (x86)\Microsoft Visual Studio 12.0\VC\bin\link.exe /ERRORREPORT:PROMPT /OUT:"C:\Users\hmduong\documents\visual studio 2013\Projects\PlateRecognizationFramework\Debug\PlateRecognizationFramework.exe" /INCREMENTAL /NOLOGO /LIBPATH:"C:\Users\hmduong\Documents\Visual Studio 2013\Projects\PlateRecognizationFramework\x64\Debug" /LIBPATH:C:\OpenCV\build\x64\vc12\lib opencv_world310.lib opencv_world310d.lib CameraConvertor.lib kernel32.lib user32.lib gdi32.lib winspool.lib comdlg32.lib advapi32.lib shell32.lib ole32.lib oleaut32.lib uuid.lib odbc32.lib odbccp32.lib /MANIFEST /MANIFESTUAC:"level='asInvoker' uiAccess='false'" /manifest:embed /DEBUG /PDB:"C:\Users\hmduong\documents\visual studio 2013\Projects\PlateRecognizationFramework\Debug\PlateRecognizationFramework.pdb" /SUBSYSTEM:CONSOLE /TLBID:1 /DYNAMICBASE /NXCOMPAT /IMPLIB:"C:\Users\hmduong\documents\visual studio 2013\Projects\PlateRecognizationFramework\Debug\PlateRecognizationFramework.lib" /MACHINE:X86 Debug\Main.obj
     1>opencv_world310.lib(opencv_world310.dll) : fatal error LNK1112: module machine type 'x64' conflicts with target machine type 'X86'
     1>Done Building Project "C:\Users\hmduong\documents\visual studio 2013\Projects\PlateRecognizationFramework\PlateRecognizationFramework\PlateRecognizationFramework.vcxproj" (Build target(s)) -- FAILED.

Build FAILED.

Time Elapsed 00:00:00.88
